2020-11-06T18:40:04.432853+0300 INFO ------------------------------------
2020-11-06T18:40:04.441821+0300 INFO Application started
2020-11-06T18:40:04.442821+0300 INFO ------------------------------------
2020-11-06T18:40:04.448818+0300 INFO Connection to the database is established.
2020-11-06T18:40:04.449828+0300 INFO Incorrect files are removed
2020-11-06T18:40:04.450829+0300 INFO File search is done
2020-11-06T18:40:04.464816+0300 INFO File is parsed
2020-11-06T18:40:04.464816+0300 DEBUG Number of paragraphs: 2267
2020-11-06T18:40:04.947818+0300 INFO Project tables are created if not exist
2020-11-06T18:40:04.947818+0300 INFO Book table is created
2020-11-06T18:40:04.961817+0300 INFO File is parsed
2020-11-06T18:40:04.962820+0300 DEBUG Number of paragraphs: 2267
2020-11-06T18:40:05.320819+0300 INFO Project tables are created if not exist
2020-11-06T18:40:05.320819+0300 INFO Book table is created
2020-11-06T18:40:05.323819+0300 INFO File is parsed
2020-11-06T18:40:05.324818+0300 DEBUG Number of paragraphs: 176
2020-11-06T18:40:05.380821+0300 INFO Project tables are created if not exist
2020-11-06T18:40:05.380821+0300 INFO Book table is created
2020-11-06T18:40:05.381824+0300 INFO Connection is closed.
2020-11-06T18:40:05.381824+0300 INFO ------------------------------------
2020-11-06T18:40:05.381824+0300 INFO Application ended
2020-11-06T18:40:05.381824+0300 INFO ------------------------------------
