2020-11-06 17:38:11,881 INFO o.a.j.u.JMeterUtils: Setting Locale to en_EN
2020-11-06 17:38:11,963 INFO o.a.j.JMeter: Loading user properties from: C:\Users\Krystsina_Bahdanava\Work\apache-jmeter-5.3\bin\user.properties
2020-11-06 17:38:11,964 INFO o.a.j.JMeter: Loading system properties from: C:\Users\Krystsina_Bahdanava\Work\apache-jmeter-5.3\bin\system.properties
2020-11-06 17:38:11,966 INFO o.a.j.JMeter: Copyright (c) 1998-2020 The Apache Software Foundation
2020-11-06 17:38:11,967 INFO o.a.j.JMeter: Version 5.3
2020-11-06 17:38:11,967 INFO o.a.j.JMeter: java.version=14.0.1
2020-11-06 17:38:11,967 INFO o.a.j.JMeter: java.vm.name=OpenJDK 64-Bit Server VM
2020-11-06 17:38:11,967 INFO o.a.j.JMeter: os.name=Windows 10
2020-11-06 17:38:11,967 INFO o.a.j.JMeter: os.arch=amd64
2020-11-06 17:38:11,967 INFO o.a.j.JMeter: os.version=10.0
2020-11-06 17:38:11,967 INFO o.a.j.JMeter: file.encoding=Cp1252
2020-11-06 17:38:11,967 INFO o.a.j.JMeter: java.awt.headless=true
2020-11-06 17:38:11,968 INFO o.a.j.JMeter: Max memory     =1073741824
2020-11-06 17:38:11,968 INFO o.a.j.JMeter: Available Processors =4
2020-11-06 17:38:11,979 INFO o.a.j.JMeter: Default Locale=English (EN)
2020-11-06 17:38:11,980 INFO o.a.j.JMeter: JMeter  Locale=English (EN)
2020-11-06 17:38:11,980 INFO o.a.j.JMeter: JMeterHome=C:\Users\Krystsina_Bahdanava\Work\apache-jmeter-5.3
2020-11-06 17:38:11,980 INFO o.a.j.JMeter: user.dir  =C:\Users\Krystsina_Bahdanava\PycharmProjects\fb2Reader
2020-11-06 17:38:11,981 INFO o.a.j.JMeter: PWD       =C:\Users\Krystsina_Bahdanava\PycharmProjects\fb2Reader
2020-11-06 17:38:11,983 INFO o.a.j.JMeter: IP: 192.168.100.66 Name: EPBYMINW5910 FullName: host.docker.internal
2020-11-06 17:38:11,990 INFO o.a.j.s.FileServer: Default base='C:\Users\Krystsina_Bahdanava\PycharmProjects\fb2Reader'
2020-11-06 17:38:11,994 INFO o.a.j.s.FileServer: Set new base='C:\Users\Krystsina_Bahdanava\PycharmProjects\fb2Reader'
2020-11-06 17:38:12,157 INFO o.a.j.s.SaveService: Testplan (JMX) version: 2.2. Testlog (JTL) version: 2.2
2020-11-06 17:38:12,178 INFO o.a.j.s.SaveService: Using SaveService properties version 5.0
2020-11-06 17:38:12,185 INFO o.a.j.s.SaveService: Using SaveService properties file encoding UTF-8
2020-11-06 17:38:12,193 INFO o.a.j.s.SaveService: Loading file: AutomatedTestingHW2.jmx
2020-11-06 17:38:12,559 INFO o.a.j.JMeter: Creating summariser <summary>
2020-11-06 17:38:12,566 INFO o.a.j.e.StandardJMeterEngine: Running the test!
2020-11-06 17:38:12,567 INFO o.a.j.s.SampleEvent: List of sample_variables: []
2020-11-06 17:38:12,567 INFO o.a.j.s.SampleEvent: List of sample_variables: []
2020-11-06 17:38:12,580 INFO o.a.j.e.u.CompoundVariable: Note: Function class names must contain the string: '.functions.'
2020-11-06 17:38:12,580 INFO o.a.j.e.u.CompoundVariable: Note: Function class names must not contain the string: '.gui.'
2020-11-06 17:38:13,041 INFO o.a.j.JMeter: Running test (1604673493041)
2020-11-06 17:38:13,062 INFO o.a.j.e.StandardJMeterEngine: Starting ThreadGroup: 1 : AutomatedTestingHW2
2020-11-06 17:38:13,062 INFO o.a.j.e.StandardJMeterEngine: Starting 1 threads for group AutomatedTestingHW2.
2020-11-06 17:38:13,062 INFO o.a.j.e.StandardJMeterEngine: Thread will continue on error
2020-11-06 17:38:13,063 INFO o.a.j.t.ThreadGroup: Starting thread group... number=1 threads=1 ramp-up=1 delayedStart=false
2020-11-06 17:38:13,071 INFO o.a.j.t.ThreadGroup: Started thread group number 1
2020-11-06 17:38:13,071 INFO o.a.j.e.StandardJMeterEngine: All thread groups have been started
2020-11-06 17:38:13,078 INFO o.a.j.t.JMeterThread: Thread started: AutomatedTestingHW2 1-1
2020-11-06 17:38:13,083 INFO o.a.j.s.SampleResult: Note: Sample TimeStamps are START times
2020-11-06 17:38:13,083 INFO o.a.j.s.SampleResult: sampleresult.default.encoding is set to ISO-8859-1
2020-11-06 17:38:13,083 INFO o.a.j.s.SampleResult: sampleresult.useNanoTime=true
2020-11-06 17:38:13,083 INFO o.a.j.s.SampleResult: sampleresult.nanoThreadSleep=5000
2020-11-06 17:38:13,470 INFO o.a.j.t.JMeterThread: Thread is done: AutomatedTestingHW2 1-1
2020-11-06 17:38:13,474 INFO o.a.j.t.JMeterThread: Thread finished: AutomatedTestingHW2 1-1
2020-11-06 17:38:13,474 INFO o.a.j.e.StandardJMeterEngine: Notifying test listeners of end of test
2020-11-06 17:38:13,478 INFO o.a.j.r.Summariser: summary =     13 in 00:00:00 =   29.9/s Avg:    20 Min:     0 Max:   256 Err:     1 (7.69%)
